0x04
0x00 0x10F 0x01 0x132 0x132 0x03 0x100 0x30 0x107 0x15 0x100 0x187 0x101 0x03 0x106 0x20 0x147 0x147 0x101 0x187 0x187 0x101 0x147 0x147 0x101 0x187 0x187 0x101 0x181 0x181 0x101 0x23 0x147 0x147 0x101 0x187 0x187 0x101 0x147 0x147 0x101 0x187 0x187 0x101 0x181 0x181 0x101 0x26 0x147 0x147 0x101 0x187 0x187 0x101 0x147 0x147 0x101 0x187 0x187 0x101 0x181 0x181 0x101 0x24 0x187 0x187 0x101 0x187 0x187 0x101 0x187 0x187 0x101 0x187 0x187 0x101 0x181 0x181 0x101 0x25 0x147 0x147 0x101 0x147 0x147 0x101 0x147 0x147 0x101 0x147 0x147 0x101 0x181 0x181 0x101 0x18 0x1F8 0x120 0x100 0x108 0x13C 0x100 0x100 0x180 0x101 0x140 0x17F 0x1FF 0x1FF 0x1F8 0x102 0x13E 0x18F 0x1FF 0x12
0x02 0x103
0x04
0x00 0x10F 0x01 0x132 0x132 0x03 0x100 0x30 0x107 0x15 0x100 0x187 0x101 0x03 0x106 0x20 0x147 0x147 0x101 0x187 0x187 0x101 0x147 0x147 0x101 0x187 0x187 0x101 0x181 0x181 0x101 0x23 0x147 0x147 0x101 0x187 0x187 0x101 0x147 0x147 0x101 0x187 0x187 0x101 0x181 0x181 0x101 0x26 0x147 0x147 0x101 0x187 0x187 0x101 0x147 0x147 0x101 0x187 0x187 0x101 0x181 0x181 0x101 0x24 0x187 0x187 0x101 0x187 0x187 0x101 0x187 0x187 0x101 0x187 0x187 0x101 0x181 0x181 0x101 0x25 0x147 0x147 0x101 0x147 0x147 0x101 0x147 0x147 0x101 0x147 0x147 0x101 0x181 0x181 0x101 0x18 0x1F9 0x120 0x100 0x128 0x13C 0x102 0x100 0x100 0x101 0x101 0x14F 0x1FF 0x1FF 0x1F8 0x102 0x13E 0x18F 0x1FF 0x12
0x02 0x103
0x04
0x00 0x10F 0x01 0x132 0x132 0x03 0x100 0x30 0x107 0x15 0x100 0x187 0x101 0x03 0x106 0x20 0x147 0x147 0x101 0x187 0x187 0x101 0x147 0x147 0x101 0x187 0x187 0x101 0x181 0x181 0x101 0x23 0x147 0x147 0x101 0x187 0x187 0x101 0x147 0x147 0x101 0x187 0x187 0x101 0x181 0x181 0x101 0x26 0x147 0x147 0x101 0x187 0x187 0x101 0x147 0x147 0x101 0x187 0x187 0x101 0x181 0x181 0x101 0x24 0x187 0x187 0x101 0x187 0x187 0x101 0x187 0x187 0x101 0x187 0x187 0x101 0x181 0x181 0x101 0x25 0x147 0x147 0x101 0x147 0x147 0x101 0x147 0x147 0x101 0x147 0x147 0x101 0x181 0x181 0x101 0x18 0x1F9 0x120 0x120 0x12B 0x13C 0x111 0x17C 0x140 0x101 0x140 0x17F 0x1FF 0x1FF 0x1F8 0x102 0x13E 0x18F 0x1FF 0x12
0x02 0x103

0x04
0x00 0x10F 0x01 0x132 0x132 0x03 0x100 0x30 0x107 0x15 0x100 0x187 0x101 0x03 0x106 0x20 0x147 0x147 0x101 0x187 0x187 0x101 0x147 0x147 0x101 0x187 0x187 0x101 0x181 0x181 0x101 0x23 0x147 0x147 0x101 0x187 0x187 0x101 0x147 0x147 0x101 0x187 0x187 0x101 0x181 0x181 0x101 0x26 0x147 0x147 0x101 0x187 0x187 0x101 0x147 0x147 0x101 0x187 0x187 0x101 0x181 0x181 0x101 0x24 0x187 0x187 0x101 0x187 0x187 0x101 0x187 0x187 0x101 0x187 0x187 0x101 0x181 0x181 0x101 0x25 0x147 0x147 0x101 0x147 0x147 0x101 0x147 0x147 0x101 0x147 0x147 0x101 0x181 0x181 0x101 0x18 0x1F8 0x120 0x120 0x100 0x13C 0x111 0x17C 0x180 0x101 0x101 0x14F 0x1FF 0x1FF 0x1F8 0x102 0x13E 0x18F 0x1FF 0x12
0x02 0x103
0x04
0x00 0x10F 0x01 0x132 0x132 0x03 0x100 0x30 0x107 0x15 0x100 0x187 0x101 0x03 0x106 0x20 0x147 0x147 0x101 0x187 0x187 0x101 0x147 0x147 0x101 0x187 0x187 0x101 0x181 0x181 0x101 0x23 0x147 0x147 0x101 0x187 0x187 0x101 0x147 0x147 0x101 0x187 0x187 0x101 0x181 0x181 0x101 0x26 0x147 0x147 0x101 0x187 0x187 0x101 0x147 0x147 0x101 0x187 0x187 0x101 0x181 0x181 0x101 0x24 0x187 0x187 0x101 0x187 0x187 0x101 0x187 0x187 0x101 0x187 0x187 0x101 0x181 0x181 0x101 0x25 0x147 0x147 0x101 0x147 0x147 0x101 0x147 0x147 0x101 0x147 0x147 0x101 0x181 0x181 0x101 0x18 0x1F9 0x160 0x105 0x1AB 0x13C 0x100 0x100 0x140 0x111 0x101 0x10F 0x1FF 0x1FF 0x1F8 0x102 0x13E 0x18F 0x1FF 0x12
0x02 0x103
0x00

0x04
0x00 0x10F 0x01 0x132 0x132 0x03 0x100 0x30 0x107 0x15 0x100 0x187 0x101 0x03 0x106 0x20 0x147 0x147 0x101 0x187 0x187 0x101 0x147 0x147 0x101 0x187 0x187 0x101 0x181 0x181 0x101 0x23 0x147 0x147 0x101 0x187 0x187 0x101 0x147 0x147 0x101 0x187 0x187 0x101 0x181 0x181 0x101 0x26 0x147 0x147 0x101 0x187 0x187 0x101 0x147 0x147 0x101 0x187 0x187 0x101 0x181 0x181 0x101 0x24 0x187 0x187 0x101 0x187 0x187 0x101 0x187 0x187 0x101 0x187 0x187 0x101 0x181 0x181 0x101 0x25 0x147 0x147 0x101 0x147 0x147 0x101 0x147 0x147 0x101 0x147 0x147 0x101 0x181 0x181 0x101 0x18 0x1F8 0x121 0x100 0x102 0x13C 0x100 0x100 0x100 0x101 0x140 0x17F 0x1FF 0x1FF 0x1F8 0x102 0x13E 0x18F 0x1FF 0x12
0x02 0x103
0x04
0x00 0x10F 0x01 0x132 0x132 0x03 0x100 0x30 0x107 0x15 0x100 0x187 0x101 0x03 0x106 0x20 0x147 0x147 0x101 0x187 0x187 0x101 0x147 0x147 0x101 0x187 0x187 0x101 0x181 0x181 0x101 0x23 0x147 0x147 0x101 0x187 0x187 0x101 0x147 0x147 0x101 0x187 0x187 0x101 0x181 0x181 0x101 0x26 0x147 0x147 0x101 0x187 0x187 0x101 0x147 0x147 0x101 0x187 0x187 0x101 0x181 0x181 0x101 0x24 0x187 0x187 0x101 0x187 0x187 0x101 0x187 0x187 0x101 0x187 0x187 0x101 0x181 0x181 0x101 0x25 0x147 0x147 0x101 0x147 0x147 0x101 0x147 0x147 0x101 0x147 0x147 0x101 0x181 0x181 0x101 0x18 0x1F8 0x121 0x100 0x108 0x13C 0x100 0x100 0x100 0x111 0x101 0x10F 0x1FF 0x1FF 0x1F8 0x102 0x13E 0x18F 0x1FF 0x12
0x02 0x103
0x04
0x00 0x10F 0x01 0x132 0x132 0x03 0x100 0x30 0x107 0x15 0x100 0x187 0x101 0x03 0x106 0x20 0x147 0x147 0x101 0x187 0x187 0x101 0x147 0x147 0x101 0x187 0x187 0x101 0x181 0x181 0x101 0x23 0x147 0x147 0x101 0x187 0x187 0x101 0x147 0x147 0x101 0x187 0x187 0x101 0x181 0x181 0x101 0x26 0x147 0x147 0x101 0x187 0x187 0x101 0x147 0x147 0x101 0x187 0x187 0x101 0x181 0x181 0x101 0x24 0x187 0x187 0x101 0x187 0x187 0x101 0x187 0x187 0x101 0x187 0x187 0x101 0x181 0x181 0x101 0x25 0x147 0x147 0x101 0x147 0x147 0x101 0x147 0x147 0x101 0x147 0x147 0x101 0x181 0x181 0x101 0x18 0x1F8 0x120 0x104 0x100 0x13C 0x111 0x17C 0x100 0x101 0x1E1 0x1FF 0x1FF 0x1FF 0x1F8 0x102 0x13E 0x18F 0x1FF 0x12
0x02 0x103
0x04 // POWER_ON  // READY 619 ms
0x00 0x10F // PANEL_SETTING
0x01 0x132 0x132 // POWER_SETTING
0x03 0x100  // POWER_OFF_SEQUENCE_SETTING
0x30 0x107  // PLL_CONTROL
0x15 0x100 0x187 0x101 // PARTIAL_DISPLAY_REFRESH 
0x03 0x106 // POWER_OFF_SEQUENCE_SETTING
0x20 0x147 0x147 0x101 0x187 0x187 0x101 0x147 0x147 0x101 0x187 0x187 0x101 0x181 0x181 0x101 
0x23 0x147 0x147 0x101 0x187 0x187 0x101 0x147 0x147 0x101 0x187 0x187 0x101 0x181 0x181 0x101 
0x26 0x147 0x147 0x101 0x187 0x187 0x101 0x147 0x147 0x101 0x187 0x187 0x101 0x181 0x181 0x101 
0x24 0x187 0x187 0x101 0x187 0x187 0x101 0x187 0x187 0x101 0x187 0x187 0x101 0x181 0x181 0x101 
0x25 0x147 0x147 0x101 0x147 0x147 0x101 0x147 0x147 0x101 0x147 0x147 0x101 0x181 0x181 0x101 
0x18 0x1F8 0x120 0x184 0x108 0x13C 0x111 0x17C 0x100 0x101 0x180 0x10F 0x1FF 0x1FF 0x1FA 0x100 0x13E 0x1BF 0x1FF 0x12
PAUSE 707 ms
0x02 0x103
READY 9.8 ms
PAUSE 1.38 s
RESET 500 us
READY 866 us
0x04 // POWER_ON // READY 47 ms
0x00 0x10F // PANEL_SETTING
0x01 0x132 0x132 // POWER_SETTING
0x03 0x100 // POWER_OFF_SEQUENCE_SETTING
0x30 0x103 // PLL_CONTROL
0x20 0x147 0x147 0x101 0x187 0x187 0x101 0x147 0x147 0x101 0x187 0x187 0x101 0x181 0x181 0x101 // T_LUTV_init 
0x23 0x187 0x187 0x101 0x187 0x187 0x101 0x147 0x147 0x101 0x147 0x147 0x101 0x181 0x181 0x101 // T_LUT_KK_init 
0x26 0x147 0x147 0x101 0x147 0x147 0x101 0x187 0x187 0x101 0x187 0x187 0x101 0x181 0x181 0x101 // T_LUT_KW_init
0x18 0x1F8 0x162 0x1B5 0x182 0x13C 0x111 0x17C 0x100 0x101 0x100 0x14F 0x1FF 0x1FF 0x1F8 0x102 0x13E 0x18F 0x1FF 0x12
READY 1.218 sec
PAUSE ~100 ms
0x04
0x00 0x10F 
0x01 0x132 0x132 
0x03 0x100 
0x30 0x107 
0x15 0x100 0x187 0x101 
0x03 0x106 
0x20 0x147 0x147 0x101 0x187 0x187 0x101 0x147 0x147 0x101 0x187 0x187 0x101 0x181 0x181 0x101 // T_LUTV_init 
0x23 0x147 0x147 0x101 0x187 0x187 0x101 0x147 0x147 0x101 0x187 0x187 0x101 0x181 0x181 0x101 // T_LUTV_init 
0x26 0x147 0x147 0x101 0x187 0x187 0x101 0x147 0x147 0x101 0x187 0x187 0x101 0x181 0x181 0x101 // T_LUTV_init
0x24 0x187 0x187 0x101 0x187 0x187 0x101 0x187 0x187 0x101 0x187 0x187 0x101 0x181 0x181 0x101 // T_LUT_KK_update
0x25 0x147 0x147 0x101 0x147 0x147 0x101 0x147 0x147 0x101 0x147 0x147 0x101 0x181 0x181 0x101 // T_LUT_KW_update
0x18 0x1F8 0x162 0x1B5 0x182 0x13C 0x111 0x17C 0x100 0x101 0x100 0x14F 0x1FF 0x1FF 0x1F8 0x102 0x13E 0x18F 0x1FF 0x12
READY 608.7 ms
PAUSE ~88 ms
0x02 0x103
READY 9.8 ms
0x04
0x00 0x10F 
0x01 0x132 0x132 
0x03 0x100 
0x30 0x107 
0x15 0x100 0x187 0x101 
0x03 0x106 
0x20 0x147 0x147 0x101 0x187 0x187 0x101 0x147 0x147 0x101 0x187 0x187 0x101 0x181 0x181 0x101 
0x23 0x147 0x147 0x101 0x187 0x187 0x101 0x147 0x147 0x101 0x187 0x187 0x101 0x181 0x181 0x101 
0x26 0x147 0x147 0x101 0x187 0x187 0x101 0x147 0x147 0x101 0x187 0x187 0x101 0x181 0x181 0x101 
0x24 0x187 0x187 0x101 0x187 0x187 0x101 0x187 0x187 0x101 0x187 0x187 0x101 0x181 0x181 0x101 
0x25 0x147 0x147 0x101 0x147 0x147 0x101 0x147 0x147 0x101 0x147 0x147 0x101 0x181 0x181 0x101 
0x18 0x1F8 0x162 0x1B5 0x190 0x13C 0x111 0x17C 0x140 0x105 0x100 0x10F 0x1FF 0x1FF 0x1F8 0x102 0x13E 0x18F 0x1FF 0x12
0x02 0x103
0x04
0x00 0x10F 
0x01 0x132 0x132 
0x03 0x100 
0x30 0x107 
0x15 0x100 0x187 0x101 
0x03 0x106 
0x20 0x147 0x147 0x101 0x187 0x187 0x101 0x147 0x147 0x101 0x187 0x187 0x101 0x181 0x181 0x101 
0x23 0x147 0x147 0x101 0x187 0x187 0x101 0x147 0x147 0x101 0x187 0x187 0x101 0x181 0x181 0x101 
0x26 0x147 0x147 0x101 0x187 0x187 0x101 0x147 0x147 0x101 0x187 0x187 0x101 0x181 0x181 0x101 
0x24 0x187 0x187 0x101 0x187 0x187 0x101 0x187 0x187 0x101 0x187 0x187 0x101 0x181 0x181 0x101 
0x25 0x147 0x147 0x101 0x147 0x147 0x101 0x147 0x147 0x101 0x147 0x147 0x101 0x181 0x181 0x101 
0x18 0x1F9 0x120 0x120 0x12B 0x13C 0x113 0x17D 0x140 0x105 0x100 0x14F 0x1FF 0x1FF 0x1F8 0x102 0x13E 0x18F 0x1FF 0x12
0x02 0x103
0x04
0x00 0x10F 0x01 0x132 0x132 0x03 0x100 0x30 0x107 0x15 0x100 0x187 0x101 0x03 0x106 0x20 0x147 0x147 0x101 0x187 0x187 0x101 0x147 0x147 0x101 0x187 0x187 0x101 0x181 0x181 0x101 0x23 0x147 0x147 0x101 0x187 0x187 0x101 0x147 0x147 0x101 0x187 0x187 0x101 0x181 0x181 0x101 0x26 0x147 0x147 0x101 0x187 0x187 0x101 0x147 0x147 0x101 0x187 0x187 0x101 0x181 0x181 0x101 0x24 0x187 0x187 0x101 0x187 0x187 0x101 0x187 0x187 0x101 0x187 0x187 0x101 0x181 0x181 0x101 0x25 0x147 0x147 0x101 0x147 0x147 0x101 0x147 0x147 0x101 0x147 0x147 0x101 0x181 0x181 0x101 0x18 0x1F8 0x120 0x100 0x108 0x13C 0x100 0x100 0x100 0x101 0x101 0x14F 0x1FF 0x1FF 0x1F8 0x102 0x13E 0x18F 0x1FF 0x12
0x02 0x103
0x04
0x00 0x10F 0x01 0x132 0x132 0x03 0x100 0x30 0x107 0x15 0x100 0x187 0x101 0x03 0x106 0x20 0x147 0x147 0x101 0x187 0x187 0x101 0x147 0x147 0x101 0x187 0x187 0x101 0x181 0x181 0x101 0x23 0x147 0x147 0x101 0x187 0x187 0x101 0x147 0x147 0x101 0x187 0x187 0x101 0x181 0x181 0x101 0x26 0x147 0x147 0x101 0x187 0x187 0x101 0x147 0x147 0x101 0x187 0x187 0x101 0x181 0x181 0x101 0x24 0x187 0x187 0x101 0x187 0x187 0x101 0x187 0x187 0x101 0x187 0x187 0x101 0x181 0x181 0x101 0x25 0x147 0x147 0x101 0x147 0x147 0x101 0x147 0x147 0x101 0x147 0x147 0x101 0x181 0x181 0x101 0x18 0x1F9 0x121 0x104 0x12B 0x13C 0x113 0x17D 0x140 0x101 0x100 0x10F 0x1FF 0x1FF 0x1F8 0x102 0x13E 0x18F 0x1FF 0x12
0x02 0x103
0x04
0x00 0x10F 0x01 0x132 0x132 0x03 0x100 0x30 0x107 0x15 0x100 0x187 0x101 0x03 0x106 0x20 0x147 0x147 0x101 0x187 0x187 0x101 0x147 0x147 0x101 0x187 0x187 0x101 0x181 0x181 0x101 0x23 0x147 0x147 0x101 0x187 0x187 0x101 0x147 0x147 0x101 0x187 0x187 0x101 0x181 0x181 0x101 0x26 0x147 0x147 0x101 0x187 0x187 0x101 0x147 0x147 0x101 0x187 0x187 0x101 0x181 0x181 0x101 0x24 0x187 0x187 0x101 0x187 0x187 0x101 0x187 0x187 0x101 0x187 0x187 0x101 0x181 0x181 0x101 0x25 0x147 0x147 0x101 0x147 0x147 0x101 0x147 0x147 0x101 0x147 0x147 0x101 0x181 0x181 0x101 0x18 0x1F8 0x121 0x104 0x108 0x13C 0x111 0x17C 0x140 0x101 0x180 0x10F 0x1FF 0x1FF 0x1FA 0x100 0x13E 0x1BF 0x1FF 0x12
0x02 0x103
0x04
0x00 0x10F 0x01 0x132 0x132 0x03 0x100 0x30 0x107 0x15 0x100 0x187 0x101 0x03 0x106 0x20 0x147 0x147 0x101 0x187 0x187 0x101 0x147 0x147 0x101 0x187 0x187 0x101 0x181 0x181 0x101 0x23 0x147 0x147 0x101 0x187 0x187 0x101 0x147 0x147 0x101 0x187 0x187 0x101 0x181 0x181 0x101 0x26 0x147 0x147 0x101 0x187 0x187 0x101 0x147 0x147 0x101 0x187 0x187 0x101 0x181 0x181 0x101 0x24 0x187 0x187 0x101 0x187 0x187 0x101 0x187 0x187 0x101 0x187 0x187 0x101 0x181 0x181 0x101 0x25 0x147 0x147 0x101 0x147 0x147 0x101 0x147 0x147 0x101 0x147 0x147 0x101 0x181 0x181 0x101 0x18 0x1F8 0x120 0x184 0x102 0x13C 0x111 0x17C 0x100 0x101 0x100 0x10F 0x1FF 0x1FF 0x1F8 0x102 0x13E 0x18F 0x1FF 0x12
0x02 0x103
0x04
0x00 0x10F 0x01 0x132 0x132 0x03 0x100 0x30 0x107 0x15 0x100 0x187 0x101 0x03 0x106 0x20 0x147 0x147 0x101 0x187 0x187 0x101 0x147 0x147 0x101 0x187 0x187 0x101 0x181 0x181 0x101 0x23 0x147 0x147 0x101 0x187 0x187 0x101 0x147 0x147 0x101 0x187 0x187 0x101 0x181 0x181 0x101 0x26 0x147 0x147 0x101 0x187 0x187 0x101 0x147 0x147 0x101 0x187 0x187 0x101 0x181 0x181 0x101 0x24 0x187 0x187 0x101 0x187 0x187 0x101 0x187 0x187 0x101 0x187 0x187 0x101 0x181 0x181 0x101 0x25 0x147 0x147 0x101 0x147 0x147 0x101 0x147 0x147 0x101 0x147 0x147 0x101 0x181 0x181 0x101 0x18 0x1F8 0x120 0x184 0x108 0x13C 0x111 0x17C 0x140 0x105 0x100 0x10F 0x1FF 0x1FF 0x1F8 0x102 0x13E 0x18F 0x1FF 0x12
0x02 0x103
0x04
0x00 0x10F 0x01 0x132 0x132 0x03 0x100 0x30 0x107 0x15 0x100 0x187 0x101 0x03 0x106 0x20 0x147 0x147 0x101 0x187 0x187 0x101 0x147 0x147 0x101 0x187 0x187 0x101 0x181 0x181 0x101 0x23 0x147 0x147 0x101 0x187 0x187 0x101 0x147 0x147 0x101 0x187 0x187 0x101 0x181 0x181 0x101 0x26 0x147 0x147 0x101 0x187 0x187 0x101 0x147 0x147 0x101 0x187 0x187 0x101 0x181 0x181 0x101 0x24 0x187 0x187 0x101 0x187 0x187 0x101 0x187 0x187 0x101 0x187 0x187 0x101 0x181 0x181 0x101 0x25 0x147 0x147 0x101 0x147 0x147 0x101 0x147 0x147 0x101 0x147 0x147 0x101 0x181 0x181 0x101 0x18 0x1F8 0x162 0x1B5 0x180 0x13C 0x111 0x17C 0x180 0x101 0x140 0x17F 0x1FF 0x1FF 0x1F8 0x102 0x13E 0x18F 0x1FF 0x12
0x02 0x103
0x04
0x00 0x10F 0x01 0x132 0x132 0x03 0x100 0x30 0x107 0x15 0x100 0x187 0x101 0x03 0x106 0x20 0x147 0x147 0x101 0x187 0x187 0x101 0x147 0x147 0x101 0x187 0x187 0x101 0x181 0x181 0x101 0x23 0x147 0x147 0x101 0x187 0x187 0x101 0x147 0x147 0x101 0x187 0x187 0x101 0x181 0x181 0x101 0x26 0x147 0x147 0x101 0x187 0x187 0x101 0x147 0x147 0x101 0x187 0x187 0x101 0x181 0x181 0x101 0x24 0x187 0x187 0x101 0x187 0x187 0x101 0x187 0x187 0x101 0x187 0x187 0x101 0x181 0x181 0x101 0x25 0x147 0x147 0x101 0x147 0x147 0x101 0x147 0x147 0x101 0x147 0x147 0x101 0x181 0x181 0x101 0x18 0x1F8 0x120 0x120 0x108 0x13C 0x111 0x17C 0x180 0x101 0x101 0x14F 0x1FF 0x1FF 0x1F8 0x102 0x13E 0x18F 0x1FF 0x12
0x02 0x103
0x04
0x00 0x10F 0x01 0x132 0x132 0x03 0x100 0x30 0x107 0x15 0x100 0x187 0x101 0x03 0x106 0x20 0x147 0x147 0x101 0x187 0x187 0x101 0x147 0x147 0x101 0x187 0x187 0x101 0x181 0x181 0x101 0x23 0x147 0x147 0x101 0x187 0x187 0x101 0x147 0x147 0x101 0x187 0x187 0x101 0x181 0x181 0x101 0x26 0x147 0x147 0x101 0x187 0x187 0x101 0x147 0x147 0x101 0x187 0x187 0x101 0x181 0x181 0x101 0x24 0x187 0x187 0x101 0x187 0x187 0x101 0x187 0x187 0x101 0x187 0x187 0x101 0x181 0x181 0x101 0x25 0x147 0x147 0x101 0x147 0x147 0x101 0x147 0x147 0x101 0x147 0x147 0x101 0x181 0x181 0x101 0x18 0x1F9 0x120 0x120 0x128 0x13C 0x113 0x17C 0x100 0x111 0x101 0x10F 0x1FF 0x1FF 0x1F8 0x102 0x13E 0x18F 0x1FF 0x12
0x02 0x103