I2C write to 0x70 ack data: 0x80 0x5D // Soft reset command
I2C write to 0x70 ack data: 0x35 0x17 // Wake-up command of the sensor
I2C write to 0x70 ack data: 0xEF 0xC8 // Read-out command of ID register
I2C read to 0x70 ack data: 0x08 0x87  // SHTC3 identifier
I2C write to 0x70 ack data: 0xB0 0x98 // Sleep command of the sensor
I2C write to 0x70 ack data: 0x35 0x17 // Wake-up command of the sensor
I2C write to 0x70 ack data: 0x78 0x66 // Normal Mode, Clock Stretching Disabled, Read T First 
I2C read to 0x70 ack data: 0x69 0xB6 0x0E 0x50 0xAE 0x85 // Read out command
I2C write to 0x70 ack data: 0xB0 0x98 // Sleep command of the sensor

RESET
READY 886 us
0x04
0x00 0x10F 
0x01 0x132 0x132 
0x03 0x100 
0x30 0x103 
0x20 0x147 0x147 0x101 0x187 0x187 0x101 0x147 0x147 0x101 0x187 0x187 0x101 0x181 0x181 0x101 // T_LUTV_init
0x23 0x187 0x187 0x101 0x187 0x187 0x101 0x147 0x147 0x101 0x147 0x147 0x101 0x181 0x181 0x101 // T_LUT_KK_init 
0x26 0x147 0x147 0x101 0x147 0x147 0x101 0x187 0x187 0x101 0x187 0x187 0x101 0x181 0x181 0x101 // T_LUT_KW_init
0x18 0x1F8 0x162 0x1B5 0x188 0x13C 0x111 0x17C 0x180 0x101 0x1E1 0x1FF 0x1FF 0x1FF 0x1F8 0x102 0x13E 0x18F 0x1FF
0x12
READY 1.22 s
0x04
0x00 0x10F 
0x01 0x132 0x132 
0x03 0x100 
0x30 0x107 
0x15 0x100 0x187 0x101 
0x03 0x106 
0x20 0x147 0x147 0x101 0x187 0x187 0x101 0x147 0x147 0x101 0x187 0x187 0x101 0x181 0x181 0x101 // T_LUTV_init
0x23 0x147 0x147 0x101 0x187 0x187 0x101 0x147 0x147 0x101 0x187 0x187 0x101 0x181 0x181 0x101 // T_LUTV_init
0x26 0x147 0x147 0x101 0x187 0x187 0x101 0x147 0x147 0x101 0x187 0x187 0x101 0x181 0x181 0x101 // T_LUTV_init
0x24 0x187 0x187 0x101 0x187 0x187 0x101 0x187 0x187 0x101 0x187 0x187 0x101 0x181 0x181 0x101 // T_LUT_KK_update
0x25 0x147 0x147 0x101 0x147 0x147 0x101 0x147 0x147 0x101 0x147 0x147 0x101 0x181 0x181 0x101 // T_LUT_KW_update
0x18 0x1F8 0x162 0x1B5 0x188 0x13C 0x111 0x17C 0x180 0x101 0x1E1 0x1FF 0x1FF 0x1FF 0x1F8 0x102 0x13E 0x18F 0x1FF 
0x12 
READY 608 ms

0x02 0x103
READY 9.84 ms
0x04
0x00 0x10F 
0x01 0x132 0x132 
0x03 0x100 
0x30 0x107 
0x15 0x100 0x187 0x101 
0x03 0x106 
0x20 0x147 0x147 0x101 0x187 0x187 0x101 0x147 0x147 0x101 0x187 0x187 0x101 0x181 0x181 0x101 
0x23 0x147 0x147 0x101 0x187 0x187 0x101 0x147 0x147 0x101 0x187 0x187 0x101 0x181 0x181 0x101 
0x26 0x147 0x147 0x101 0x187 0x187 0x101 0x147 0x147 0x101 0x187 0x187 0x101 0x181 0x181 0x101 
0x24 0x187 0x187 0x101 0x187 0x187 0x101 0x187 0x187 0x101 0x187 0x187 0x101 0x181 0x181 0x101 
0x25 0x147 0x147 0x101 0x147 0x147 0x101 0x147 0x147 0x101 0x147 0x147 0x101 0x181 0x181 0x101 
0x18 0x1F9 0x121 0x100 0x128 0x11C 0x113 0x148 0x100 0x101 0x140 0x17F 0x1FF 0x1FF 0x1F8 0x102 0x13E 0x18F 0x1FF 
0x12
0x02 0x103

0x04
0x00 0x10F 
0x01 0x132 0x132 
0x03 0x100 
0x30 0x107 
0x15 0x100 0x187 0x101 
0x03 0x106 
0x20 0x147 0x147 0x101 0x187 0x187 0x101 0x147 0x147 0x101 0x187 0x187 0x101 0x181 0x181 0x101 
0x23 0x147 0x147 0x101 0x187 0x187 0x101 0x147 0x147 0x101 0x187 0x187 0x101 0x181 0x181 0x101 
0x26 0x147 0x147 0x101 0x187 0x187 0x101 0x147 0x147 0x101 0x187 0x187 0x101 0x181 0x181 0x101 
0x24 0x187 0x187 0x101 0x187 0x187 0x101 0x187 0x187 0x101 0x187 0x187 0x101 0x181 0x181 0x101 
0x25 0x147 0x147 0x101 0x147 0x147 0x101 0x147 0x147 0x101 0x147 0x147 0x101 0x181 0x181 0x101 
0x18 0x1F8 0x120 0x100 0x100 0x13C 0x111 0x170 0x100 0x101 0x100 0x14F 0x1FF 0x1FF 0x1F8 0x102 0x13E 0x18F 0x1FF 
0x12
0x02 0x103

0x04
0x00 0x10F 
0x01 0x132 0x132 
0x03 0x100 
0x30 0x107 
0x15 0x100 0x187 0x101 
0x03 0x106 
0x20 0x147 0x147 0x101 0x187 0x187 0x101 0x147 0x147 0x101 0x187 0x187 0x101 0x181 0x181 0x101 
0x23 0x147 0x147 0x101 0x187 0x187 0x101 0x147 0x147 0x101 0x187 0x187 0x101 0x181 0x181 0x101 
0x26 0x147 0x147 0x101 0x187 0x187 0x101 0x147 0x147 0x101 0x187 0x187 0x101 0x181 0x181 0x101 
0x24 0x187 0x187 0x101 0x187 0x187 0x101 0x187 0x187 0x101 0x187 0x187 0x101 0x181 0x181 0x101 
0x25 0x147 0x147 0x101 0x147 0x147 0x101 0x147 0x147 0x101 0x147 0x147 0x101 0x181 0x181 0x101 
0x18 0x1F8 0x120 0x100 0x100 0x11C 0x100 0x140 0x100 0x111 0x103 0x10F 0x1FF 0x1FF 0x1FA 0x100 0x13E 0x1BF 0x1FF 
0x12
0x02 0x103

0x04
0x00 0x10F 
0x01 0x132 0x132 
0x03 0x100 0x30 0x107 
0x15 0x100 0x187 0x101 
0x03 0x106 
0x20 0x147 0x147 0x101 0x187 0x187 0x101 0x147 0x147 0x101 0x187 0x187 0x101 0x181 0x181 0x101 
0x23 0x147 0x147 0x101 0x187 0x187 0x101 0x147 0x147 0x101 0x187 0x187 0x101 0x181 0x181 0x101 
0x26 0x147 0x147 0x101 0x187 0x187 0x101 0x147 0x147 0x101 0x187 0x187 0x101 0x181 0x181 0x101 
0x24 0x187 0x187 0x101 0x187 0x187 0x101 0x187 0x187 0x101 0x187 0x187 0x101 0x181 0x181 0x101 
0x25 0x147 0x147 0x101 0x147 0x147 0x101 0x147 0x147 0x101 0x147 0x147 0x101 0x181 0x181 0x101 
0x18 0x1F8 0x120 0x100 0x100 0x11C 0x100 0x140 0x100 0x111 0x101 0x10F 0x1FF 0x1FF 0x1FA 0x100 0x13E 0x1BF 0x1FF 
0x12
0x02 0x103

0x04
0x00 0x10F 
0x01 0x132 0x132 
0x03 0x100 
0x30 0x107 
0x15 0x100 0x187 0x101 
0x03 0x106 
0x20 0x147 0x147 0x101 0x187 0x187 0x101 0x147 0x147 0x101 0x187 0x187 0x101 0x181 0x181 0x101 
0x23 0x147 0x147 0x101 0x187 0x187 0x101 0x147 0x147 0x101 0x187 0x187 0x101 0x181 0x181 0x101 
0x26 0x147 0x147 0x101 0x187 0x187 0x101 0x147 0x147 0x101 0x187 0x187 0x101 0x181 0x181 0x101 
0x24 0x187 0x187 0x101 0x187 0x187 0x101 0x187 0x187 0x101 0x187 0x187 0x101 0x181 0x181 0x101 
0x25 0x147 0x147 0x101 0x147 0x147 0x101 0x147 0x147 0x101 0x147 0x147 0x101 0x181 0x181 0x101 
0x18 0x1F9 0x120 0x188 0x12B 0x13C 0x113 0x17D 0x140 0x101 0x142 0x17F 0x1FF 0x1FF 0x1FA 0x120 0x13E 0x1BF 0x1FF 
0x12
0x02 0x103

0x04
0x00 0x10F 
0x01 0x132 0x132 
0x03 0x100 
0x30 0x107 
0x15 0x100 0x187 0x101 
0x03 0x106 
0x20 0x147 0x147 0x101 0x187 0x187 0x101 0x147 0x147 0x101 0x187 0x187 0x101 0x181 0x181 0x101 
0x23 0x147 0x147 0x101 0x187 0x187 0x101 0x147 0x147 0x101 0x187 0x187 0x101 0x181 0x181 0x101 
0x26 0x147 0x147 0x101 0x187 0x187 0x101 0x147 0x147 0x101 0x187 0x187 0x101 0x181 0x181 0x101 
0x24 0x187 0x187 0x101 0x187 0x187 0x101 0x187 0x187 0x101 0x187 0x187 0x101 0x181 0x181 0x101 
0x25 0x147 0x147 0x101 0x147 0x147 0x101 0x147 0x147 0x101 0x147 0x147 0x101 0x181 0x181 0x101 
0x18 0x1F9 0x120 0x188 0x12B 0x13C 0x113 0x17D 0x140 0x101 0x140 0x17F 0x1FF 0x1FF 0x1FA 0x120 0x13E 0x1BF 0x1FF 
0x12
0x02 0x103

0x04
0x00 0x10F 
0x01 0x132 0x132 
0x03 0x100 
0x30 0x107 
0x15 0x100 0x187 0x101 
0x03 0x106 
0x20 0x147 0x147 0x101 0x187 0x187 0x101 0x147 0x147 0x101 0x187 0x187 0x101 0x181 0x181 0x101 
0x23 0x147 0x147 0x101 0x187 0x187 0x101 0x147 0x147 0x101 0x187 0x187 0x101 0x181 0x181 0x101 
0x26 0x147 0x147 0x101 0x187 0x187 0x101 0x147 0x147 0x101 0x187 0x187 0x101 0x181 0x181 0x101 
0x24 0x187 0x187 0x101 0x187 0x187 0x101 0x187 0x187 0x101 0x187 0x187 0x101 0x181 0x181 0x101 
0x25 0x147 0x147 0x101 0x147 0x147 0x101 0x147 0x147 0x101 0x147 0x147 0x101 0x181 0x181 0x101 
0x18 0x1F8 0x162 0x1B5 0x180 0x15C 0x100 0x110 0x180 0x101 0x142 0x17F 0x1FF 0x1FF 0x1FA 0x120 0x13E 0x1BF 0x1FF 
0x12
0x02 0x103

0x04
0x00 0x10F 
0x01 0x132 0x132 
0x03 0x100 
0x30 0x107 
0x15 0x100 0x187 0x101 
0x03 0x106 
0x20 0x147 0x147 0x101 0x187 0x187 0x101 0x147 0x147 0x101 0x187 0x187 0x101 0x181 0x181 0x101 
0x23 0x147 0x147 0x101 0x187 0x187 0x101 0x147 0x147 0x101 0x187 0x187 0x101 0x181 0x181 0x101 
0x26 0x147 0x147 0x101 0x187 0x187 0x101 0x147 0x147 0x101 0x187 0x187 0x101 0x181 0x181 0x101 
0x24 0x187 0x187 0x101 0x187 0x187 0x101 0x187 0x187 0x101 0x187 0x187 0x101 0x181 0x181 0x101 
0x25 0x147 0x147 0x101 0x147 0x147 0x101 0x147 0x147 0x101 0x147 0x147 0x101 0x181 0x181 0x101 
0x18 0x1F8 0x162 0x1B5 0x180 0x15C 0x100 0x110 0x180 0x101 0x140 0x17F 0x1FF 0x1FF 0x1FA 0x120 0x13E 0x1BF 0x1FF 
0x12
0x02 0x103

0x04
0x00 0x10F 
0x01 0x132 0x132 
0x03 0x100 
0x30 0x107 
0x15 0x100 0x187 0x101 
0x03 0x106 
0x20 0x147 0x147 0x101 0x187 0x187 0x101 0x147 0x147 0x101 0x187 0x187 0x101 0x181 0x181 0x101 
0x23 0x147 0x147 0x101 0x187 0x187 0x101 0x147 0x147 0x101 0x187 0x187 0x101 0x181 0x181 0x101 
0x26 0x147 0x147 0x101 0x187 0x187 0x101 0x147 0x147 0x101 0x187 0x187 0x101 0x181 0x181 0x101 
0x24 0x187 0x187 0x101 0x187 0x187 0x101 0x187 0x187 0x101 0x187 0x187 0x101 0x181 0x181 0x101 
0x25 0x147 0x147 0x101 0x147 0x147 0x101 0x147 0x147 0x101 0x147 0x147 0x101 0x181 0x181 0x101 
0x18 0x1F9 0x120 0x1B5 0x1AB 0x15C 0x100 0x110 0x140 0x101 0x142 0x17F 0x1FF 0x1FF 0x1FA 0x120 0x13E 0x1BF 0x1FF 
0x12
0x02 0x103

0x04
0x00 0x10F 
0x01 0x132 0x132 
0x03 0x100 
0x30 0x103 
0x20 0x147 0x147 0x101 0x187 0x187 0x101 0x147 0x147 0x101 0x187 0x187 0x101 0x181 0x181 0x101 
0x26 0x187 0x187 0x101 0x187 0x187 0x101 0x147 0x147 0x101 0x147 0x147 0x101 0x181 0x181 0x101 
0x23 0x147 0x147 0x101 0x147 0x147 0x101 0x187 0x187 0x101 0x187 0x187 0x101 0x181 0x181 0x101
0x18 0x100 0x100 0x100 0x100 0x100 0x100 0x100 0x100 0x100 0x100 0x100 0x100 0x100 0x100 0x100 0x100 0x100 0x1FF
0x12
0x02 0x103

0x04
0x00 0x10F 
0x01 0x132 0x132 
0x03 0x100 
0x30 0x103 
0x20 0x147 0x147 0x101 0x187 0x187 0x101 0x147 0x147 0x101 0x187 0x187 0x101 0x181 0x181 0x101 
0x23 0x187 0x187 0x101 0x187 0x187 0x101 0x147 0x147 0x101 0x147 0x147 0x101 0x181 0x181 0x101 
0x26 0x147 0x147 0x101 0x147 0x147 0x101 0x187 0x187 0x101 0x187 0x187 0x101 0x181 0x181 0x101
0x18 0x1F9 0x120 0x104 0x128 0x11C 0x102 0x150 0x100 0x101 0x140 0x17F 0x1FF 0x1FF 0x1FA 0x120 0x13E 0x1BF 0x1FF
0x12

0x04
0x00 0x10F 
0x01 0x132 0x132 
0x03 0x100 
0x30 0x107 
0x15 0x100 0x187 0x101 
0x03 0x106 
0x20 0x147 0x147 0x101 0x187 0x187 0x101 0x147 0x147 0x101 0x187 0x187 0x101 0x181 0x181 0x101 
0x23 0x147 0x147 0x101 0x187 0x187 0x101 0x147 0x147 0x101 0x187 0x187 0x101 0x181 0x181 0x101 
0x26 0x147 0x147 0x101 0x187 0x187 0x101 0x147 0x147 0x101 0x187 0x187 0x101 0x181 0x181 0x101 
0x24 0x187 0x187 0x101 0x187 0x187 0x101 0x187 0x187 0x101 0x187 0x187 0x101 0x181 0x181 0x101 
0x25 0x147 0x147 0x101 0x147 0x147 0x101 0x147 0x147 0x101 0x147 0x147 0x101 0x181 0x181 0x101 
0x18 0x1F9 0x120 0x104 0x128 0x11C 0x102 0x150 0x100 0x101 0x140 0x17F 0x1FF 0x1FF 0x1FA 0x120 0x13E 0x1BF 0x1FF 
0x12
0x02 0x103

0x04
0x00 0x10F 
0x01 0x132 0x132 
0x03 0x100 
0x30 0x107 
0x15 0x100 0x187 0x101 
0x03 0x106 
0x20 0x147 0x147 0x101 0x187 0x187 0x101 0x147 0x147 0x101 0x187 0x187 0x101 0x181 0x181 0x101 
0x23 0x147 0x147 0x101 0x187 0x187 0x101 0x147 0x147 0x101 0x187 0x187 0x101 0x181 0x181 0x101 
0x26 0x147 0x147 0x101 0x187 0x187 0x101 0x147 0x147 0x101 0x187 0x187 0x101 0x181 0x181 0x101 
0x24 0x187 0x187 0x101 0x187 0x187 0x101 0x187 0x187 0x101 0x187 0x187 0x101 0x181 0x181 0x101 
0x25 0x147 0x147 0x101 0x147 0x147 0x101 0x147 0x147 0x101 0x147 0x147 0x101 0x181 0x181 0x101 
0x18 0x1F8 0x121 0x104 0x100 0x15C 0x100 0x110 0x180 0x101 0x1A1 0x17F 0x1FF 0x1FF 0x1F8 0x122 0x13E 0x18F 0x1FF 
0x12
0x02 0x103
