Log of advertising packages by events.
Using https://github.com/pvvx/AdScanerTrg 

1. No movement, Lights on
19:55:03: 582D34605E00, RSSI: -54, Data: FDCD:0812005E60342D580201640F011C09048B090000 MAC: 005E60342D58 CGPR1, Bat: 100%, Count: 28, Light: 2443
19:55:03: 582D34605E00, RSSI: -54, Data: FE95:3058830A02005E60342D5808 MiVer5, DevID: 0x0A83-CGPR1, FnCnt: 2, CtrID: 0x5830 Not bound, Standard certification, MAC: 582D34605E00, Capability: 0x08 - front binding
19:55:04: 582D34605E00, RSSI: -54, Data: FDCD:0812005E60342D580201640F011D09048B090000 MAC: 005E60342D58 CGPR1, Bat: 100%, Count: 29, Light: 2443
19:55:05: 582D34605E00, RSSI: -62, Data: FE95:3058830A02005E60342D5808 MiVer5, DevID: 0x0A83-CGPR1, FnCnt: 2, CtrID: 0x5830 Not bound, Standard certification, MAC: 582D34605E00, Capability: 0x08 - front binding
19:55:06: 582D34605E00, RSSI: -62, Data: FDCD:0812005E60342D580201640F011E090488090000 MAC: 005E60342D58 CGPR1, Bat: 100%, Count: 30, Light: 2440
19:55:08: 582D34605E00, RSSI: -54, Data: FE95:3058830A02005E60342D5808 MiVer5, DevID: 0x0A83-CGPR1, FnCnt: 2, CtrID: 0x5830 Not bound, Standard certification, MAC: 582D34605E00, Capability: 0x08 - front binding
19:55:08: 582D34605E00, RSSI: -54, Data: FDCD:0812005E60342D580201640F011F09048E090000 MAC: 005E60342D58 CGPR1, Bat: 100%, Count: 31, Light: 2446
19:55:09: 582D34605E00, RSSI: -54, Data: FE95:3058830A02005E60342D5808 MiVer5, DevID: 0x0A83-CGPR1, FnCnt: 2, CtrID: 0x5830 Not bound, Standard certification, MAC: 582D34605E00, Capability: 0x08 - front binding
19:55:11: 582D34605E00, RSSI: -62, Data: FDCD:0812005E60342D580201640F012009048E090000 MAC: 005E60342D58 CGPR1, Bat: 100%, Count: 32, Light: 2446
19:55:11: 582D34605E00, RSSI: -62, Data: FE95:3058830A02005E60342D5808 MiVer5, DevID: 0x0A83-CGPR1, FnCnt: 2, CtrID: 0x5830 Not bound, Standard certification, MAC: 582D34605E00, Capability: 0x08 - front binding
19:55:12: 582D34605E00, RSSI: -62, Data: FDCD:0812005E60342D580201640F012109048B090000 MAC: 005E60342D58 CGPR1, Bat: 100%, Count: 33, Light: 2443
19:55:14: 582D34605E00, RSSI: -62, Data: FE95:3058830A02005E60342D5808 MiVer5, DevID: 0x0A83-CGPR1, FnCnt: 2, CtrID: 0x5830 Not bound, Standard certification, MAC: 582D34605E00, Capability: 0x08 - front binding
2. Long distance movement
19:55:14: 582D34605E00, RSSI: -62, Data: FDCD:4812005E60342D580804008B09000F0122 MAC: 005E60342D58 CGPR1, Motion: 0 & Light: 2443, Count: 34
19:55:14: 582D34605E00, RSSI: -62, Data: FDCD:4812005E60342D580804008B09000F0122 MAC: 005E60342D58 CGPR1, Motion: 0 & Light: 2443, Count: 34
19:55:14: 582D34605E00, RSSI: -62, Data: FDCD:4812005E60342D580804008B09000F0122 MAC: 005E60342D58 CGPR1, Motion: 0 & Light: 2443, Count: 34
19:55:14: 582D34605E00, RSSI: -62, Data: FDCD:4812005E60342D580804008B09000F0122 MAC: 005E60342D58 CGPR1, Motion: 0 & Light: 2443, Count: 34
19:55:14: 582D34605E00, RSSI: -62, Data: FDCD:4812005E60342D580804008B09000F0122 MAC: 005E60342D58 CGPR1, Motion: 0 & Light: 2443, Count: 34
19:55:14: 582D34605E00, RSSI: -62, Data: FDCD:4812005E60342D580804008B09000F0122 MAC: 005E60342D58 CGPR1, Motion: 0 & Light: 2443, Count: 34
19:55:14: 582D34605E00, RSSI: -62, Data: FDCD:4812005E60342D580804008B09000F0122 MAC: 005E60342D58 CGPR1, Motion: 0 & Light: 2443, Count: 34
19:55:14: 582D34605E00, RSSI: -62, Data: FDCD:4812005E60342D580804008B09000F0122 MAC: 005E60342D58 CGPR1, Motion: 0 & Light: 2443, Count: 34
19:55:14: 582D34605E00, RSSI: -62, Data: FDCD:4812005E60342D580804008B09000F0122 MAC: 005E60342D58 CGPR1, Motion: 0 & Light: 2443, Count: 34
19:55:14: 582D34605E00, RSSI: -62, Data: FDCD:4812005E60342D580804008B09000F0122 MAC: 005E60342D58 CGPR1, Motion: 0 & Light: 2443, Count: 34
19:55:14: 582D34605E00, RSSI: -62, Data: FDCD:4812005E60342D580804008B09000F0122 MAC: 005E60342D58 CGPR1, Motion: 0 & Light: 2443, Count: 34
19:55:14: 582D34605E00, RSSI: -70, Data: FDCD:4812005E60342D580804008B09000F0122 MAC: 005E60342D58 CGPR1, Motion: 0 & Light: 2443, Count: 34
19:55:14: 582D34605E00, RSSI: -62, Data: FDCD:4812005E60342D580804008B09000F0122 MAC: 005E60342D58 CGPR1, Motion: 0 & Light: 2443, Count: 34
19:55:14: 582D34605E00, RSSI: -62, Data: FDCD:4812005E60342D580804008B09000F0122 MAC: 005E60342D58 CGPR1, Motion: 0 & Light: 2443, Count: 34
19:55:14: 582D34605E00, RSSI: -62, Data: FDCD:4812005E60342D580804008B09000F0122 MAC: 005E60342D58 CGPR1, Motion: 0 & Light: 2443, Count: 34
19:55:15: 582D34605E00, RSSI: -62, Data: FDCD:4812005E60342D580804008B09000F0122 MAC: 005E60342D58 CGPR1, Motion: 0 & Light: 2443, Count: 34
19:55:15: 582D34605E00, RSSI: -62, Data: FDCD:4812005E60342D580804008B09000F0122 MAC: 005E60342D58 CGPR1, Motion: 0 & Light: 2443, Count: 34
19:55:15: 582D34605E00, RSSI: -62, Data: FDCD:4812005E60342D580804008B09000F0122 MAC: 005E60342D58 CGPR1, Motion: 0 & Light: 2443, Count: 34
19:55:15: 582D34605E00, RSSI: -70, Data: FDCD:4812005E60342D580804008B09000F0122 MAC: 005E60342D58 CGPR1, Motion: 0 & Light: 2443, Count: 34
19:55:15: 582D34605E00, RSSI: -62, Data: FDCD:4812005E60342D580804008B09000F0122 MAC: 005E60342D58 CGPR1, Motion: 0 & Light: 2443, Count: 34
19:55:15: 582D34605E00, RSSI: -62, Data: FDCD:4812005E60342D580804008B09000F0122 MAC: 005E60342D58 CGPR1, Motion: 0 & Light: 2443, Count: 34
19:55:15: 582D34605E00, RSSI: -62, Data: FDCD:4812005E60342D580804008B09000F0122 MAC: 005E60342D58 CGPR1, Motion: 0 & Light: 2443, Count: 34
19:55:15: 582D34605E00, RSSI: -62, Data: FDCD:4812005E60342D580804008B09000F0122 MAC: 005E60342D58 CGPR1, Motion: 0 & Light: 2443, Count: 34
19:55:15: 582D34605E00, RSSI: -62, Data: FDCD:4812005E60342D580804008B09000F0122 MAC: 005E60342D58 CGPR1, Motion: 0 & Light: 2443, Count: 34
19:55:15: 582D34605E00, RSSI: -62, Data: FDCD:4812005E60342D580804008B09000F0122 MAC: 005E60342D58 CGPR1, Motion: 0 & Light: 2443, Count: 34
19:55:15: 582D34605E00, RSSI: -62, Data: FDCD:4812005E60342D580804008B09000F0122 MAC: 005E60342D58 CGPR1, Motion: 0 & Light: 2443, Count: 34
19:55:15: 582D34605E00, RSSI: -62, Data: FDCD:4812005E60342D580804008B09000F0122 MAC: 005E60342D58 CGPR1, Motion: 0 & Light: 2443, Count: 34
19:55:15: 582D34605E00, RSSI: -62, Data: FDCD:4812005E60342D580804008B09000F0122 MAC: 005E60342D58 CGPR1, Motion: 0 & Light: 2443, Count: 34
19:55:15: 582D34605E00, RSSI: -62, Data: FDCD:4812005E60342D580804008B09000F0122 MAC: 005E60342D58 CGPR1, Motion: 0 & Light: 2443, Count: 34
3. No movement, Lights on
19:55:16: 582D34605E00, RSSI: -62, Data: FE95:3058830A02005E60342D5808 MiVer5, DevID: 0x0A83-CGPR1, FnCnt: 2, CtrID: 0x5830 Not bound, Standard certification, MAC: 582D34605E00, Capability: 0x08 - front binding
19:55:17: 582D34605E00, RSSI: -62, Data: FDCD:0812005E60342D580201640F012309048B090000 MAC: 005E60342D58 CGPR1, Bat: 100%, Count: 35, Light: 2443
19:55:18: 582D34605E00, RSSI: -62, Data: FE95:3058830A02005E60342D5808 MiVer5, DevID: 0x0A83-CGPR1, FnCnt: 2, CtrID: 0x5830 Not bound, Standard certification, MAC: 582D34605E00, Capability: 0x08 - front binding
19:55:19: 582D34605E00, RSSI: -62, Data: FDCD:0812005E60342D580201640F0124090493090000 MAC: 005E60342D58 CGPR1, Bat: 100%, Count: 36, Light: 2451
19:55:20: 582D34605E00, RSSI: -70, Data: FE95:3058830A02005E60342D5808 MiVer5, DevID: 0x0A83-CGPR1, FnCnt: 2, CtrID: 0x5830 Not bound, Standard certification, MAC: 582D34605E00, Capability: 0x08 - front binding
19:55:21: 582D34605E00, RSSI: -62, Data: FDCD:0812005E60342D580201640F0125090480090000 MAC: 005E60342D58 CGPR1, Bat: 100%, Count: 37, Light: 2432
19:55:23: 582D34605E00, RSSI: -62, Data: FE95:3058830A02005E60342D5808 MiVer5, DevID: 0x0A83-CGPR1, FnCnt: 2, CtrID: 0x5830 Not bound, Standard certification, MAC: 582D34605E00, Capability: 0x08 - front binding
19:55:23: 582D34605E00, RSSI: -62, Data: FDCD:0812005E60342D580201640F0126090480090000 MAC: 005E60342D58 CGPR1, Bat: 100%, Count: 38, Light: 2432
19:55:24: 582D34605E00, RSSI: -62, Data: FE95:3058830A02005E60342D5808 MiVer5, DevID: 0x0A83-CGPR1, FnCnt: 2, CtrID: 0x5830 Not bound, Standard certification, MAC: 582D34605E00, Capability: 0x08 - front binding
19:55:26: 582D34605E00, RSSI: -70, Data: FDCD:0812005E60342D580201640F0127090490090000 MAC: 005E60342D58 CGPR1, Bat: 100%, Count: 39, Light: 2448
19:55:26: 582D34605E00, RSSI: -62, Data: FE95:3058830A02005E60342D5808 MiVer5, DevID: 0x0A83-CGPR1, FnCnt: 2, CtrID: 0x5830 Not bound, Standard certification, MAC: 582D34605E00, Capability: 0x08 - front binding
4. No movement, Lights off
19:55:26: 582D34605E00, RSSI: -62, Data: FDCD:4812005E60342D581101000F0128 MAC: 005E60342D58 CGPR1, Light Off, Count: 40
19:55:26: 582D34605E00, RSSI: -62, Data: FDCD:4812005E60342D581101000F0128 MAC: 005E60342D58 CGPR1, Light Off, Count: 40
19:55:26: 582D34605E00, RSSI: -62, Data: FDCD:4812005E60342D581101000F0128 MAC: 005E60342D58 CGPR1, Light Off, Count: 40
19:55:26: 582D34605E00, RSSI: -70, Data: FDCD:4812005E60342D581101000F0128 MAC: 005E60342D58 CGPR1, Light Off, Count: 40
19:55:26: 582D34605E00, RSSI: -62, Data: FDCD:4812005E60342D581101000F0128 MAC: 005E60342D58 CGPR1, Light Off, Count: 40
19:55:26: 582D34605E00, RSSI: -62, Data: FDCD:4812005E60342D581101000F0128 MAC: 005E60342D58 CGPR1, Light Off, Count: 40
19:55:26: 582D34605E00, RSSI: -70, Data: FDCD:4812005E60342D581101000F0128 MAC: 005E60342D58 CGPR1, Light Off, Count: 40
19:55:26: 582D34605E00, RSSI: -62, Data: FDCD:4812005E60342D581101000F0128 MAC: 005E60342D58 CGPR1, Light Off, Count: 40
19:55:26: 582D34605E00, RSSI: -62, Data: FDCD:4812005E60342D581101000F0128 MAC: 005E60342D58 CGPR1, Light Off, Count: 40
19:55:26: 582D34605E00, RSSI: -62, Data: FDCD:4812005E60342D581101000F0128 MAC: 005E60342D58 CGPR1, Light Off, Count: 40
19:55:26: 582D34605E00, RSSI: -62, Data: FDCD:4812005E60342D581101000F0128 MAC: 005E60342D58 CGPR1, Light Off, Count: 40
19:55:26: 582D34605E00, RSSI: -70, Data: FDCD:4812005E60342D581101000F0128 MAC: 005E60342D58 CGPR1, Light Off, Count: 40
19:55:26: 582D34605E00, RSSI: -62, Data: FDCD:4812005E60342D581101000F0128 MAC: 005E60342D58 CGPR1, Light Off, Count: 40
19:55:26: 582D34605E00, RSSI: -62, Data: FDCD:4812005E60342D581101000F0128 MAC: 005E60342D58 CGPR1, Light Off, Count: 40
19:55:26: 582D34605E00, RSSI: -62, Data: FDCD:4812005E60342D581101000F0128 MAC: 005E60342D58 CGPR1, Light Off, Count: 40
19:55:27: 582D34605E00, RSSI: -70, Data: FDCD:4812005E60342D581101000F0128 MAC: 005E60342D58 CGPR1, Light Off, Count: 40
19:55:27: 582D34605E00, RSSI: -62, Data: FDCD:4812005E60342D581101000F0128 MAC: 005E60342D58 CGPR1, Light Off, Count: 40
19:55:27: 582D34605E00, RSSI: -62, Data: FDCD:4812005E60342D581101000F0128 MAC: 005E60342D58 CGPR1, Light Off, Count: 40
19:55:27: 582D34605E00, RSSI: -62, Data: FDCD:4812005E60342D581101000F0128 MAC: 005E60342D58 CGPR1, Light Off, Count: 40
19:55:27: 582D34605E00, RSSI: -62, Data: FDCD:4812005E60342D581101000F0128 MAC: 005E60342D58 CGPR1, Light Off, Count: 40
19:55:27: 582D34605E00, RSSI: -62, Data: FDCD:4812005E60342D581101000F0128 MAC: 005E60342D58 CGPR1, Light Off, Count: 40
19:55:27: 582D34605E00, RSSI: -70, Data: FDCD:4812005E60342D581101000F0128 MAC: 005E60342D58 CGPR1, Light Off, Count: 40
19:55:27: 582D34605E00, RSSI: -62, Data: FDCD:4812005E60342D581101000F0128 MAC: 005E60342D58 CGPR1, Light Off, Count: 40
19:55:27: 582D34605E00, RSSI: -70, Data: FDCD:4812005E60342D581101000F0128 MAC: 005E60342D58 CGPR1, Light Off, Count: 40
19:55:27: 582D34605E00, RSSI: -62, Data: FDCD:4812005E60342D581101000F0128 MAC: 005E60342D58 CGPR1, Light Off, Count: 40
19:55:27: 582D34605E00, RSSI: -62, Data: FDCD:4812005E60342D581101000F0128 MAC: 005E60342D58 CGPR1, Light Off, Count: 40
19:55:27: 582D34605E00, RSSI: -62, Data: FDCD:4812005E60342D581101000F0128 MAC: 005E60342D58 CGPR1, Light Off, Count: 40
19:55:27: 582D34605E00, RSSI: -70, Data: FDCD:4812005E60342D581101000F0128 MAC: 005E60342D58 CGPR1, Light Off, Count: 40
19:55:27: 582D34605E00, RSSI: -62, Data: FDCD:4812005E60342D581101000F0128 MAC: 005E60342D58 CGPR1, Light Off, Count: 40
19:55:27: 582D34605E00, RSSI: -62, Data: FDCD:4812005E60342D581101000F0128 MAC: 005E60342D58 CGPR1, Light Off, Count: 40
19:55:27: 582D34605E00, RSSI: -62, Data: FDCD:4812005E60342D581101000F0128 MAC: 005E60342D58 CGPR1, Light Off, Count: 40
5. No movement, Lights off
19:55:28: 582D34605E00, RSSI: -70, Data: FE95:3058830A02005E60342D5808 MiVer5, DevID: 0x0A83-CGPR1, FnCnt: 2, CtrID: 0x5830 Not bound, Standard certification, MAC: 582D34605E00, Capability: 0x08 - front binding
19:55:29: 582D34605E00, RSSI: -70, Data: FDCD:0812005E60342D580201640F0129090400000000 MAC: 005E60342D58 CGPR1, Bat: 100%, Count: 41, Light: 0
19:55:32: 582D34605E00, RSSI: -62, Data: FDCD:0812005E60342D580201640F012A090400000000 MAC: 005E60342D58 CGPR1, Bat: 100%, Count: 42, Light: 0
19:55:33: 582D34605E00, RSSI: -62, Data: FE95:3058830A02005E60342D5808 MiVer5, DevID: 0x0A83-CGPR1, FnCnt: 2, CtrID: 0x5830 Not bound, Standard certification, MAC: 582D34605E00, Capability: 0x08 - front binding
19:55:33: 582D34605E00, RSSI: -62, Data: FDCD:0812005E60342D580201640F012B090400000000 MAC: 005E60342D58 CGPR1, Bat: 100%, Count: 43, Light: 0
19:55:35: 582D34605E00, RSSI: -62, Data: FE95:3058830A02005E60342D5808 MiVer5, DevID: 0x0A83-CGPR1, FnCnt: 2, CtrID: 0x5830 Not bound, Standard certification, MAC: 582D34605E00, Capability: 0x08 - front binding
19:55:36: 582D34605E00, RSSI: -62, Data: FDCD:0812005E60342D580201640F012C090400000000 MAC: 005E60342D58 CGPR1, Bat: 100%, Count: 44, Light: 0
19:55:37: 582D34605E00, RSSI: -62, Data: FE95:3058830A02005E60342D5808 MiVer5, DevID: 0x0A83-CGPR1, FnCnt: 2, CtrID: 0x5830 Not bound, Standard certification, MAC: 582D34605E00, Capability: 0x08 - front binding
19:55:38: 582D34605E00, RSSI: -70, Data: FDCD:0812005E60342D580201640F012D090400000000 MAC: 005E60342D58 CGPR1, Bat: 100%, Count: 45, Light: 0
19:55:39: 582D34605E00, RSSI: -62, Data: FE95:3058830A02005E60342D5808 MiVer5, DevID: 0x0A83-CGPR1, FnCnt: 2, CtrID: 0x5830 Not bound, Standard certification, MAC: 582D34605E00, Capability: 0x08 - front binding
19:55:40: 582D34605E00, RSSI: -62, Data: FDCD:0812005E60342D580201640F012E090400000000 MAC: 005E60342D58 CGPR1, Bat: 100%, Count: 46, Light: 0
19:55:41: 582D34605E00, RSSI: -70, Data: FE95:3058830A02005E60342D5808 MiVer5, DevID: 0x0A83-CGPR1, FnCnt: 2, CtrID: 0x5830 Not bound, Standard certification, MAC: 582D34605E00, Capability: 0x08 - front binding
19:55:42: 582D34605E00, RSSI: -62, Data: FDCD:0812005E60342D580201640F012F090400000000 MAC: 005E60342D58 CGPR1, Bat: 100%, Count: 47, Light: 0
19:55:42: 582D34605E00, RSSI: -62, Data: FE95:3058830A02005E60342D5808 MiVer5, DevID: 0x0A83-CGPR1, FnCnt: 2, CtrID: 0x5830 Not bound, Standard certification, MAC: 582D34605E00, Capability: 0x08 - front binding
5. No movement, Lights on
19:55:42: 582D34605E00, RSSI: -70, Data: FDCD:4812005E60342D581101010F0130 MAC: 005E60342D58 CGPR1, Light On, Count: 48
19:55:42: 582D34605E00, RSSI: -70, Data: FDCD:4812005E60342D581101010F0130 MAC: 005E60342D58 CGPR1, Light On, Count: 48
19:55:42: 582D34605E00, RSSI: -70, Data: FDCD:4812005E60342D581101010F0130 MAC: 005E60342D58 CGPR1, Light On, Count: 48
19:55:42: 582D34605E00, RSSI: -62, Data: FDCD:4812005E60342D581101010F0130 MAC: 005E60342D58 CGPR1, Light On, Count: 48
19:55:42: 582D34605E00, RSSI: -70, Data: FDCD:4812005E60342D581101010F0130 MAC: 005E60342D58 CGPR1, Light On, Count: 48
19:55:42: 582D34605E00, RSSI: -62, Data: FDCD:4812005E60342D581101010F0130 MAC: 005E60342D58 CGPR1, Light On, Count: 48
19:55:42: 582D34605E00, RSSI: -70, Data: FDCD:4812005E60342D581101010F0130 MAC: 005E60342D58 CGPR1, Light On, Count: 48
19:55:42: 582D34605E00, RSSI: -62, Data: FDCD:4812005E60342D581101010F0130 MAC: 005E60342D58 CGPR1, Light On, Count: 48
19:55:42: 582D34605E00, RSSI: -62, Data: FDCD:4812005E60342D581101010F0130 MAC: 005E60342D58 CGPR1, Light On, Count: 48
19:55:42: 582D34605E00, RSSI: -62, Data: FDCD:4812005E60342D581101010F0130 MAC: 005E60342D58 CGPR1, Light On, Count: 48
19:55:42: 582D34605E00, RSSI: -70, Data: FDCD:4812005E60342D581101010F0130 MAC: 005E60342D58 CGPR1, Light On, Count: 48
19:55:42: 582D34605E00, RSSI: -62, Data: FDCD:4812005E60342D581101010F0130 MAC: 005E60342D58 CGPR1, Light On, Count: 48
19:55:42: 582D34605E00, RSSI: -62, Data: FDCD:4812005E60342D581101010F0130 MAC: 005E60342D58 CGPR1, Light On, Count: 48
19:55:42: 582D34605E00, RSSI: -62, Data: FDCD:4812005E60342D581101010F0130 MAC: 005E60342D58 CGPR1, Light On, Count: 48
19:55:43: 582D34605E00, RSSI: -62, Data: FDCD:4812005E60342D581101010F0130 MAC: 005E60342D58 CGPR1, Light On, Count: 48
19:55:43: 582D34605E00, RSSI: -62, Data: FDCD:4812005E60342D581101010F0130 MAC: 005E60342D58 CGPR1, Light On, Count: 48
19:55:43: 582D34605E00, RSSI: -62, Data: FDCD:4812005E60342D581101010F0130 MAC: 005E60342D58 CGPR1, Light On, Count: 48
19:55:43: 582D34605E00, RSSI: -62, Data: FDCD:4812005E60342D581101010F0130 MAC: 005E60342D58 CGPR1, Light On, Count: 48
19:55:43: 582D34605E00, RSSI: -62, Data: FDCD:4812005E60342D581101010F0130 MAC: 005E60342D58 CGPR1, Light On, Count: 48
19:55:43: 582D34605E00, RSSI: -62, Data: FDCD:4812005E60342D581101010F0130 MAC: 005E60342D58 CGPR1, Light On, Count: 48
19:55:43: 582D34605E00, RSSI: -62, Data: FDCD:4812005E60342D581101010F0130 MAC: 005E60342D58 CGPR1, Light On, Count: 48
19:55:43: 582D34605E00, RSSI: -62, Data: FDCD:4812005E60342D581101010F0130 MAC: 005E60342D58 CGPR1, Light On, Count: 48
19:55:43: 582D34605E00, RSSI: -62, Data: FDCD:4812005E60342D581101010F0130 MAC: 005E60342D58 CGPR1, Light On, Count: 48
19:55:43: 582D34605E00, RSSI: -70, Data: FDCD:4812005E60342D581101010F0130 MAC: 005E60342D58 CGPR1, Light On, Count: 48
19:55:43: 582D34605E00, RSSI: -62, Data: FDCD:4812005E60342D581101010F0130 MAC: 005E60342D58 CGPR1, Light On, Count: 48
19:55:43: 582D34605E00, RSSI: -70, Data: FDCD:4812005E60342D581101010F0130 MAC: 005E60342D58 CGPR1, Light On, Count: 48
19:55:43: 582D34605E00, RSSI: -62, Data: FDCD:4812005E60342D581101010F0130 MAC: 005E60342D58 CGPR1, Light On, Count: 48
19:55:43: 582D34605E00, RSSI: -62, Data: FDCD:4812005E60342D581101010F0130 MAC: 005E60342D58 CGPR1, Light On, Count: 48
19:55:43: 582D34605E00, RSSI: -70, Data: FDCD:4812005E60342D581101010F0130 MAC: 005E60342D58 CGPR1, Light On, Count: 48
19:55:43: 582D34605E00, RSSI: -62, Data: FDCD:4812005E60342D581101010F0130 MAC: 005E60342D58 CGPR1, Light On, Count: 48
19:55:44: 582D34605E00, RSSI: -62, Data: FDCD:4812005E60342D581101010F0130 MAC: 005E60342D58 CGPR1, Light On, Count: 48
6. No movement, Lights on
19:55:45: 582D34605E00, RSSI: -70, Data: FE95:3058830A02005E60342D5808 MiVer5, DevID: 0x0A83-CGPR1, FnCnt: 2, CtrID: 0x5830 Not bound, Standard certification, MAC: 582D34605E00, Capability: 0x08 - front binding
19:55:46: 582D34605E00, RSSI: -62, Data: FDCD:0812005E60342D580201640F01310904D4090000 MAC: 005E60342D58 CGPR1, Bat: 100%, Count: 49, Light: 2516
19:55:47: 582D34605E00, RSSI: -70, Data: FE95:3058830A02005E60342D5808 MiVer5, DevID: 0x0A83-CGPR1, FnCnt: 2, CtrID: 0x5830 Not bound, Standard certification, MAC: 582D34605E00, Capability: 0x08 - front binding
19:55:48: 582D34605E00, RSSI: -70, Data: FDCD:0812005E60342D580201640F01320904CC090000 MAC: 005E60342D58 CGPR1, Bat: 100%, Count: 50, Light: 2508
19:55:49: 582D34605E00, RSSI: -62, Data: FE95:3058830A02005E60342D5808 MiVer5, DevID: 0x0A83-CGPR1, FnCnt: 2, CtrID: 0x5830 Not bound, Standard certification, MAC: 582D34605E00, Capability: 0x08 - front binding
19:55:50: 582D34605E00, RSSI: -54, Data: FDCD:0812005E60342D580201640F01330904CC090000 MAC: 005E60342D58 CGPR1, Bat: 100%, Count: 51, Light: 2508
7. Movement, Lights on
19:55:50: 582D34605E00, RSSI: -54, Data: FDCD:4812005E60342D58080401BE09000F0134 MAC: 005E60342D58 CGPR1, Motion: 1 & Light: 2494, Count: 52
19:55:50: 582D34605E00, RSSI: -54, Data: FDCD:4812005E60342D58080401BE09000F0134 MAC: 005E60342D58 CGPR1, Motion: 1 & Light: 2494, Count: 52
19:55:50: 582D34605E00, RSSI: -54, Data: FDCD:4812005E60342D58080401BE09000F0134 MAC: 005E60342D58 CGPR1, Motion: 1 & Light: 2494, Count: 52
19:55:50: 582D34605E00, RSSI: -54, Data: FDCD:4812005E60342D58080401BE09000F0134 MAC: 005E60342D58 CGPR1, Motion: 1 & Light: 2494, Count: 52
19:55:50: 582D34605E00, RSSI: -54, Data: FDCD:4812005E60342D58080401BE09000F0134 MAC: 005E60342D58 CGPR1, Motion: 1 & Light: 2494, Count: 52
19:55:50: 582D34605E00, RSSI: -54, Data: FDCD:4812005E60342D58080401BE09000F0134 MAC: 005E60342D58 CGPR1, Motion: 1 & Light: 2494, Count: 52
19:55:51: 582D34605E00, RSSI: -54, Data: FDCD:4812005E60342D58080401BE09000F0134 MAC: 005E60342D58 CGPR1, Motion: 1 & Light: 2494, Count: 52
19:55:51: 582D34605E00, RSSI: -54, Data: FDCD:4812005E60342D58080401BE09000F0134 MAC: 005E60342D58 CGPR1, Motion: 1 & Light: 2494, Count: 52
19:55:51: 582D34605E00, RSSI: -54, Data: FDCD:4812005E60342D58080401BE09000F0134 MAC: 005E60342D58 CGPR1, Motion: 1 & Light: 2494, Count: 52
19:55:51: 582D34605E00, RSSI: -54, Data: FDCD:4812005E60342D58080401BE09000F0134 MAC: 005E60342D58 CGPR1, Motion: 1 & Light: 2494, Count: 52
19:55:51: 582D34605E00, RSSI: -62, Data: FDCD:4812005E60342D58080401BE09000F0134 MAC: 005E60342D58 CGPR1, Motion: 1 & Light: 2494, Count: 52
19:55:51: 582D34605E00, RSSI: -54, Data: FDCD:4812005E60342D58080401BE09000F0134 MAC: 005E60342D58 CGPR1, Motion: 1 & Light: 2494, Count: 52
19:55:51: 582D34605E00, RSSI: -54, Data: FDCD:4812005E60342D58080401BE09000F0134 MAC: 005E60342D58 CGPR1, Motion: 1 & Light: 2494, Count: 52
19:55:51: 582D34605E00, RSSI: -54, Data: FDCD:4812005E60342D58080401BE09000F0134 MAC: 005E60342D58 CGPR1, Motion: 1 & Light: 2494, Count: 52
19:55:51: 582D34605E00, RSSI: -54, Data: FDCD:4812005E60342D58080401BE09000F0134 MAC: 005E60342D58 CGPR1, Motion: 1 & Light: 2494, Count: 52
19:55:51: 582D34605E00, RSSI: -54, Data: FDCD:4812005E60342D58080401BE09000F0134 MAC: 005E60342D58 CGPR1, Motion: 1 & Light: 2494, Count: 52
19:55:51: 582D34605E00, RSSI: -62, Data: FDCD:4812005E60342D58080401BE09000F0134 MAC: 005E60342D58 CGPR1, Motion: 1 & Light: 2494, Count: 52
19:55:51: 582D34605E00, RSSI: -54, Data: FDCD:4812005E60342D58080401BE09000F0134 MAC: 005E60342D58 CGPR1, Motion: 1 & Light: 2494, Count: 52
19:55:51: 582D34605E00, RSSI: -54, Data: FDCD:4812005E60342D58080401BE09000F0134 MAC: 005E60342D58 CGPR1, Motion: 1 & Light: 2494, Count: 52
19:55:51: 582D34605E00, RSSI: -54, Data: FDCD:4812005E60342D58080401BE09000F0134 MAC: 005E60342D58 CGPR1, Motion: 1 & Light: 2494, Count: 52
19:55:51: 582D34605E00, RSSI: -54, Data: FDCD:4812005E60342D58080401BE09000F0134 MAC: 005E60342D58 CGPR1, Motion: 1 & Light: 2494, Count: 52
19:55:51: 582D34605E00, RSSI: -54, Data: FDCD:4812005E60342D58080401BE09000F0134 MAC: 005E60342D58 CGPR1, Motion: 1 & Light: 2494, Count: 52
19:55:52: 582D34605E00, RSSI: -54, Data: FDCD:4812005E60342D58080401BE09000F0134 MAC: 005E60342D58 CGPR1, Motion: 1 & Light: 2494, Count: 52
19:55:52: 582D34605E00, RSSI: -54, Data: FDCD:4812005E60342D58080401BE09000F0134 MAC: 005E60342D58 CGPR1, Motion: 1 & Light: 2494, Count: 52
19:55:52: 582D34605E00, RSSI: -54, Data: FDCD:4812005E60342D58080401BE09000F0134 MAC: 005E60342D58 CGPR1, Motion: 1 & Light: 2494, Count: 52
19:55:52: 582D34605E00, RSSI: -54, Data: FDCD:4812005E60342D58080401BE09000F0134 MAC: 005E60342D58 CGPR1, Motion: 1 & Light: 2494, Count: 52
19:55:52: 582D34605E00, RSSI: -54, Data: FDCD:4812005E60342D58080401BE09000F0134 MAC: 005E60342D58 CGPR1, Motion: 1 & Light: 2494, Count: 52
19:55:52: 582D34605E00, RSSI: -62, Data: FDCD:4812005E60342D58080401BE09000F0134 MAC: 005E60342D58 CGPR1, Motion: 1 & Light: 2494, Count: 52
19:55:52: 582D34605E00, RSSI: -54, Data: FDCD:4812005E60342D58080401BE09000F0134 MAC: 005E60342D58 CGPR1, Motion: 1 & Light: 2494, Count: 52
8. No movement, Lights on
19:55:53: 582D34605E00, RSSI: -54, Data: FE95:3058830A02005E60342D5808 MiVer5, DevID: 0x0A83-CGPR1, FnCnt: 2, CtrID: 0x5830 Not bound, Standard certification, MAC: 582D34605E00, Capability: 0x08 - front binding
19:55:54: 582D34605E00, RSSI: -54, Data: FDCD:0812005E60342D580201640F01350904BC090000 MAC: 005E60342D58 CGPR1, Bat: 100%, Count: 53, Light: 2492
19:55:55: 582D34605E00, RSSI: -54, Data: FE95:3058830A02005E60342D5808 MiVer5, DevID: 0x0A83-CGPR1, FnCnt: 2, CtrID: 0x5830 Not bound, Standard certification, MAC: 582D34605E00, Capability: 0x08 - front binding
19:55:56: 582D34605E00, RSSI: -54, Data: FDCD:0812005E60342D580201640F01360904BC090000 MAC: 005E60342D58 CGPR1, Bat: 100%, Count: 54, Light: 2492
19:55:57: 582D34605E00, RSSI: -54, Data: FE95:3058830A02005E60342D5808 MiVer5, DevID: 0x0A83-CGPR1, FnCnt: 2, CtrID: 0x5830 Not bound, Standard certification, MAC: 582D34605E00, Capability: 0x08 - front binding
19:55:58: 582D34605E00, RSSI: -54, Data: FDCD:0812005E60342D580201640F01370904B1090000 MAC: 005E60342D58 CGPR1, Bat: 100%, Count: 55, Light: 2481
19:55:59: 582D34605E00, RSSI: -54, Data: FE95:3058830A02005E60342D5808 MiVer5, DevID: 0x0A83-CGPR1, FnCnt: 2, CtrID: 0x5830 Not bound, Standard certification, MAC: 582D34605E00, Capability: 0x08 - front binding
19:56:00: 582D34605E00, RSSI: -54, Data: FDCD:0812005E60342D580201640F013809049E090000 MAC: 005E60342D58 CGPR1, Bat: 100%, Count: 56, Light: 2462
